# JRE version: Java(TM) SE Runtime Environment (17.0.11+7) (build 17.0.11+7-LTS-207)
# Java VM: Java HotSpot(TM) 64-Bit Server VM (17.0.11+7-LTS-207, mixed mode, sharing, tiered, compressed oops, compressed class ptrs, g1 gc, windows-amd64)
GC Precious Log:
 CPUs: 16 total, 16 available
 Memory: 11995M
 Large Page Support: Disabled
 NUMA Support: Disabled
 Compressed Oops: Enabled (Zero based)
 Heap Region Size: 2M
 Heap Min Capacity: 8M
 Heap Initial Capacity: 188M
 Heap Max Capacity: 3000M
 Pre-touch: Disabled
 Parallel Workers: 13
 Concurrent Workers: 3
 Concurrent Refinement Workers: 13
 Periodic GC: Disabled
Heap:
 garbage-first heap   total 643072K, used 514513K [0x0000000744800000, 0x0000000800000000)
  region size 2048K, 18 young (36864K), 5 survivors (10240K)
 Metaspace       used 80792K, committed 81472K, reserved 1179648K
  class space    used 8811K, committed 9152K, reserved 1048576K
GC Heap History (20 events):
Event: 82.332 GC heap before
{Heap before GC invocations=132 (full 0):
 garbage-first heap   total 434176K, used 368617K [0x0000000744800000, 0x0000000800000000)
  region size 2048K, 24 young (49152K), 4 survivors (8192K)
 Metaspace       used 80717K, committed 81280K, reserved 1179648K
  class space    used 8806K, committed 9088K, reserved 1048576K
}
Event: 82.338 GC heap after
{Heap after GC invocations=133 (full 0):
 garbage-first heap   total 540672K, used 334880K [0x0000000744800000, 0x0000000800000000)
  region size 2048K, 3 young (6144K), 3 survivors (6144K)
 Metaspace       used 80717K, committed 81280K, reserved 1179648K
  class space    used 8806K, committed 9088K, reserved 1048576K
}
Event: 82.745 GC heap before
{Heap before GC invocations=133 (full 0):
 garbage-first heap   total 540672K, used 441376K [0x0000000744800000, 0x0000000800000000)
  region size 2048K, 55 young (112640K), 3 survivors (6144K)
 Metaspace       used 80720K, committed 81344K, reserved 1179648K
  class space    used 8806K, committed 9088K, reserved 1048576K
}
Event: 82.755 GC heap after
{Heap after GC invocations=134 (full 0):
 garbage-first heap   total 540672K, used 352256K [0x0000000744800000, 0x0000000800000000)
  region size 2048K, 7 young (14336K), 7 survivors (14336K)
 Metaspace       used 80720K, committed 81344K, reserved 1179648K
  class space    used 8806K, committed 9088K, reserved 1048576K
}
Event: 83.073 GC heap before
{Heap before GC invocations=134 (full 0):
 garbage-first heap   total 540672K, used 446464K [0x0000000744800000, 0x0000000800000000)
  region size 2048K, 53 young (108544K), 7 survivors (14336K)
 Metaspace       used 80731K, committed 81344K, reserved 1179648K
  class space    used 8806K, committed 9088K, reserved 1048576K
}
Event: 83.084 GC heap after
{Heap after GC invocations=135 (full 0):
 garbage-first heap   total 540672K, used 369662K [0x0000000744800000, 0x0000000800000000)
  region size 2048K, 7 young (14336K), 7 survivors (14336K)
 Metaspace       used 80731K, committed 81344K, reserved 1179648K
  class space    used 8806K, committed 9088K, reserved 1048576K
}
Event: 83.388 GC heap before
{Heap before GC invocations=135 (full 0):
 garbage-first heap   total 540672K, used 449534K [0x0000000744800000, 0x0000000800000000)
  region size 2048K, 46 young (94208K), 7 survivors (14336K)
 Metaspace       used 80732K, committed 81344K, reserved 1179648K
  class space    used 8806K, committed 9088K, reserved 1048576K
}
Event: 83.399 GC heap after
{Heap after GC invocations=136 (full 0):
 garbage-first heap   total 540672K, used 385152K [0x0000000744800000, 0x0000000800000000)
  region size 2048K, 6 young (12288K), 6 survivors (12288K)
 Metaspace       used 80732K, committed 81344K, reserved 1179648K
  class space    used 8806K, committed 9088K, reserved 1048576K
}
Event: 83.672 GC heap before
{Heap before GC invocations=136 (full 0):
 garbage-first heap   total 540672K, used 452736K [0x0000000744800000, 0x0000000800000000)
  region size 2048K, 39 young (79872K), 6 survivors (12288K)
 Metaspace       used 80732K, committed 81344K, reserved 1179648K
  class space    used 8806K, committed 9088K, reserved 1048576K
}
Event: 83.686 GC heap after
{Heap after GC invocations=137 (full 0):
 garbage-first heap   total 540672K, used 399360K [0x0000000744800000, 0x0000000800000000)
  region size 2048K, 5 young (10240K), 5 survivors (10240K)
 Metaspace       used 80732K, committed 81344K, reserved 1179648K
  class space    used 8806K, committed 9088K, reserved 1048576K
}
Event: 83.902 GC heap before
{Heap before GC invocations=137 (full 0):
 garbage-first heap   total 540672K, used 460800K [0x0000000744800000, 0x0000000800000000)
  region size 2048K, 34 young (69632K), 5 survivors (10240K)
 Metaspace       used 80733K, committed 81344K, reserved 1179648K
  class space    used 8806K, committed 9088K, reserved 1048576K
}
Event: 83.911 GC heap after
{Heap after GC invocations=138 (full 0):
 garbage-first heap   total 540672K, used 413696K [0x0000000744800000, 0x0000000800000000)
  region size 2048K, 5 young (10240K), 5 survivors (10240K)
 Metaspace       used 80733K, committed 81344K, reserved 1179648K
  class space    used 8806K, committed 9088K, reserved 1048576K
}
Event: 84.004 GC heap before
{Heap before GC invocations=138 (full 0):
 garbage-first heap   total 540672K, used 462848K [0x0000000744800000, 0x0000000800000000)
  region size 2048K, 29 young (59392K), 5 survivors (10240K)
 Metaspace       used 80733K, committed 81344K, reserved 1179648K
  class space    used 8806K, committed 9088K, reserved 1048576K
}
Event: 84.021 GC heap after
{Heap after GC invocations=139 (full 0):
 garbage-first heap   total 643072K, used 422797K [0x0000000744800000, 0x0000000800000000)
  region size 2048K, 4 young (8192K), 4 survivors (8192K)
 Metaspace       used 80733K, committed 81344K, reserved 1179648K
  class space    used 8806K, committed 9088K, reserved 1048576K
}
Event: 84.811 GC heap before
{Heap before GC invocations=139 (full 0):
 garbage-first heap   total 643072K, used 529293K [0x0000000744800000, 0x0000000800000000)
  region size 2048K, 56 young (114688K), 4 survivors (8192K)
 Metaspace       used 80764K, committed 81472K, reserved 1179648K
  class space    used 8808K, committed 9152K, reserved 1048576K
}
Event: 84.822 GC heap after
{Heap after GC invocations=140 (full 0):
 garbage-first heap   total 643072K, used 442080K [0x0000000744800000, 0x0000000800000000)
  region size 2048K, 7 young (14336K), 7 survivors (14336K)
 Metaspace       used 80764K, committed 81472K, reserved 1179648K
  class space    used 8808K, committed 9152K, reserved 1048576K
}
Event: 85.206 GC heap before
{Heap before GC invocations=140 (full 0):
 garbage-first heap   total 643072K, used 534240K [0x0000000744800000, 0x0000000800000000)
  region size 2048K, 52 young (106496K), 7 survivors (14336K)
 Metaspace       used 80791K, committed 81472K, reserved 1179648K
  class space    used 8811K, committed 9152K, reserved 1048576K
}
Event: 85.219 GC heap after
{Heap after GC invocations=141 (full 0):
 garbage-first heap   total 643072K, used 462404K [0x0000000744800000, 0x0000000800000000)
  region size 2048K, 7 young (14336K), 7 survivors (14336K)
 Metaspace       used 80791K, committed 81472K, reserved 1179648K
  class space    used 8811K, committed 9152K, reserved 1048576K
}
Event: 85.389 GC heap before
{Heap before GC invocations=141 (full 0):
 garbage-first heap   total 643072K, used 538180K [0x0000000744800000, 0x0000000800000000)
  region size 2048K, 44 young (90112K), 7 survivors (14336K)
 Metaspace       used 80792K, committed 81472K, reserved 1179648K
  class space    used 8811K, committed 9152K, reserved 1048576K
}
Event: 85.397 GC heap after
{Heap after GC invocations=142 (full 0):
 garbage-first heap   total 643072K, used 476696K [0x0000000744800000, 0x0000000800000000)
  region size 2048K, 6 young (12288K), 6 survivors (12288K)
 Metaspace       used 80792K, committed 81472K, reserved 1179648K
  class space    used 8811K, committed 9152K, reserved 1048576K
}

